# JRE version: OpenJDK Runtime Environment Temurin-17.0.4+8 (17.0.4+8) (build 17.0.4+8)
# Java VM: OpenJDK 64-Bit Server VM Temurin-17.0.4+8 (17.0.4+8, mixed mode, tiered, compressed oops, compressed class ptrs, g1 gc, linux-amd64)
GC Precious Log:
 CPUs: 12 total, 12 available
 Memory: 15847M
 Large Page Support: Disabled
 NUMA Support: Disabled
 Compressed Oops: Enabled (32-bit)
 Heap Region Size: 1M
 Heap Min Capacity: 8M
 Heap Initial Capacity: 248M
 Heap Max Capacity: 1G
 Pre-touch: Disabled
 Parallel Workers: 10
 Concurrent Workers: 3
 Concurrent Refinement Workers: 10
 Periodic GC: Disabled
Heap:
 garbage-first heap   total 354304K, used 197196K [0x00000000c0000000, 0x0000000100000000)
  region size 1024K, 113 young (115712K), 1 survivors (1024K)
 Metaspace       used 71311K, committed 73152K, reserved 1114112K
  class space    used 8556K, committed 9344K, reserved 1048576K
GC Heap History (20 events):
Event: 26.266 GC heap before
{Heap before GC invocations=17 (full 0):
 garbage-first heap   total 122880K, used 55290K [0x00000000c0000000, 0x0000000100000000)
  region size 1024K, 6 young (6144K), 4 survivors (4096K)
 Metaspace       used 68106K, committed 69888K, reserved 1114112K
  class space    used 8200K, committed 8896K, reserved 1048576K
}
Event: 26.269 GC heap after
{Heap after GC invocations=18 (full 0):
 garbage-first heap   total 122880K, used 53172K [0x00000000c0000000, 0x0000000100000000)
  region size 1024K, 1 young (1024K), 1 survivors (1024K)
 Metaspace       used 68106K, committed 69888K, reserved 1114112K
  class space    used 8200K, committed 8896K, reserved 1048576K
}
Event: 28.915 GC heap before
{Heap before GC invocations=18 (full 0):
 garbage-first heap   total 122880K, used 93108K [0x00000000c0000000, 0x0000000100000000)
  region size 1024K, 40 young (40960K), 1 survivors (1024K)
 Metaspace       used 68319K, committed 70144K, reserved 1114112K
  class space    used 8216K, committed 8960K, reserved 1048576K
}
Event: 28.920 GC heap after
{Heap after GC invocations=19 (full 0):
 garbage-first heap   total 122880K, used 54340K [0x00000000c0000000, 0x0000000100000000)
  region size 1024K, 2 young (2048K), 2 survivors (2048K)
 Metaspace       used 68319K, committed 70144K, reserved 1114112K
  class space    used 8216K, committed 8960K, reserved 1048576K
}
Event: 33.149 GC heap before
{Heap before GC invocations=20 (full 0):
 garbage-first heap   total 122880K, used 96324K [0x00000000c0000000, 0x0000000100000000)
  region size 1024K, 43 young (44032K), 2 survivors (2048K)
 Metaspace       used 68387K, committed 70144K, reserved 1114112K
  class space    used 8217K, committed 8960K, reserved 1048576K
}
Event: 33.157 GC heap after
{Heap after GC invocations=21 (full 0):
 garbage-first heap   total 122880K, used 54389K [0x00000000c0000000, 0x0000000100000000)
  region size 1024K, 2 young (2048K), 2 survivors (2048K)
 Metaspace       used 68387K, committed 70144K, reserved 1114112K
  class space    used 8217K, committed 8960K, reserved 1048576K
}
Event: 33.269 GC heap before
{Heap before GC invocations=21 (full 0):
 garbage-first heap   total 122880K, used 57461K [0x00000000c0000000, 0x0000000100000000)
  region size 1024K, 6 young (6144K), 2 survivors (2048K)
 Metaspace       used 68941K, committed 70784K, reserved 1114112K
  class space    used 8321K, committed 9088K, reserved 1048576K
}
Event: 33.270 GC heap after
{Heap after GC invocations=22 (full 0):
 garbage-first heap   total 122880K, used 51880K [0x00000000c0000000, 0x0000000100000000)
  region size 1024K, 1 young (1024K), 1 survivors (1024K)
 Metaspace       used 68941K, committed 70784K, reserved 1114112K
  class space    used 8321K, committed 9088K, reserved 1048576K
}
Event: 34.496 GC heap before
{Heap before GC invocations=22 (full 0):
 garbage-first heap   total 122880K, used 90792K [0x00000000c0000000, 0x0000000100000000)
  region size 1024K, 39 young (39936K), 1 survivors (1024K)
 Metaspace       used 69298K, committed 71104K, reserved 1114112K
  class space    used 8350K, committed 9088K, reserved 1048576K
}
Event: 34.505 GC heap after
{Heap after GC invocations=23 (full 0):
 garbage-first heap   total 122880K, used 67923K [0x00000000c0000000, 0x0000000100000000)
  region size 1024K, 6 young (6144K), 6 survivors (6144K)
 Metaspace       used 69298K, committed 71104K, reserved 1114112K
  class space    used 8350K, committed 9088K, reserved 1048576K
}
Event: 34.634 GC heap before
{Heap before GC invocations=24 (full 0):
 garbage-first heap   total 130048K, used 95571K [0x00000000c0000000, 0x0000000100000000)
  region size 1024K, 29 young (29696K), 6 survivors (6144K)
 Metaspace       used 69351K, committed 71232K, reserved 1114112K
  class space    used 8352K, committed 9152K, reserved 1048576K
}
Event: 34.648 GC heap after
{Heap after GC invocations=25 (full 0):
 garbage-first heap   total 130048K, used 84325K [0x00000000c0000000, 0x0000000100000000)
  region size 1024K, 4 young (4096K), 4 survivors (4096K)
 Metaspace       used 69351K, committed 71232K, reserved 1114112K
  class space    used 8352K, committed 9152K, reserved 1048576K
}
Event: 34.661 GC heap before
{Heap before GC invocations=25 (full 0):
 garbage-first heap   total 130048K, used 89445K [0x00000000c0000000, 0x0000000100000000)
  region size 1024K, 6 young (6144K), 4 survivors (4096K)
 Metaspace       used 69351K, committed 71232K, reserved 1114112K
  class space    used 8352K, committed 9152K, reserved 1048576K
}
Event: 34.666 GC heap after
{Heap after GC invocations=26 (full 0):
 garbage-first heap   total 130048K, used 86144K [0x00000000c0000000, 0x0000000100000000)
  region size 1024K, 1 young (1024K), 1 survivors (1024K)
 Metaspace       used 69351K, committed 71232K, reserved 1114112K
  class space    used 8352K, committed 9152K, reserved 1048576K
}
Event: 34.770 GC heap before
{Heap before GC invocations=26 (full 0):
 garbage-first heap   total 130048K, used 99456K [0x00000000c0000000, 0x0000000100000000)
  region size 1024K, 14 young (14336K), 1 survivors (1024K)
 Metaspace       used 69411K, committed 71296K, reserved 1114112K
  class space    used 8361K, committed 9152K, reserved 1048576K
}
Event: 34.776 GC heap after
{Heap after GC invocations=27 (full 0):
 garbage-first heap   total 130048K, used 90819K [0x00000000c0000000, 0x0000000100000000)
  region size 1024K, 2 young (2048K), 2 survivors (2048K)
 Metaspace       used 69411K, committed 71296K, reserved 1114112K
  class space    used 8361K, committed 9152K, reserved 1048576K
}
Event: 34.880 GC heap before
{Heap before GC invocations=28 (full 0):
 garbage-first heap   total 152576K, used 95939K [0x00000000c0000000, 0x0000000100000000)
  region size 1024K, 13 young (13312K), 2 survivors (2048K)
 Metaspace       used 69449K, committed 71296K, reserved 1114112K
  class space    used 8363K, committed 9152K, reserved 1048576K
}
Event: 34.887 GC heap after
{Heap after GC invocations=29 (full 0):
 garbage-first heap   total 152576K, used 86114K [0x00000000c0000000, 0x0000000100000000)
  region size 1024K, 2 young (2048K), 2 survivors (2048K)
 Metaspace       used 69449K, committed 71296K, reserved 1114112K
  class space    used 8363K, committed 9152K, reserved 1048576K
}
Event: 34.902 GC heap before
{Heap before GC invocations=29 (full 0):
 garbage-first heap   total 152576K, used 91234K [0x00000000c0000000, 0x0000000100000000)
  region size 1024K, 7 young (7168K), 2 survivors (2048K)
 Metaspace       used 69461K, committed 71360K, reserved 1114112K
  class space    used 8363K, committed 9152K, reserved 1048576K
}
Event: 34.910 GC heap after
{Heap after GC invocations=30 (full 0):
 garbage-first heap   total 354304K, used 83532K [0x00000000c0000000, 0x0000000100000000)
  region size 1024K, 1 young (1024K), 1 survivors (1024K)
 Metaspace       used 69461K, committed 71360K, reserved 1114112K
  class space    used 8363K, committed 9152K, reserved 1048576K
}

